<?xml version="1.0" encoding="UTF-8"?>
<!-- Generated by org.testng.reporters.JUnitReportReporter -->
<testsuite hostname="LAPTOP-PKC73K4H" failures="0" tests="1" name="flm05march.DragAndDropCalculator" time="38.503" errors="0" timestamp="2024-03-05T23:04:51 IST" skipped="0">
  <testcase classname="flm05march.DragAndDropCalculator" name="DragAndDropTest" time="38.503"/>
</testsuite> <!-- flm05march.DragAndDropCalculator -->
