<?xml version="1.0" encoding="UTF-8"?>
<!-- Generated by org.testng.reporters.JUnitReportReporter -->
<testsuite hostname="LAPTOP-PKC73K4H" failures="0" tests="1" name="flm09march.FrameHandles" time="41.902" errors="0" timestamp="2024-03-11T20:08:46 IST" skipped="0">
  <testcase classname="flm09march.FrameHandles" name="frameHandling" time="41.902"/>
</testsuite> <!-- flm09march.FrameHandles -->
