<?xml version="1.0" encoding="UTF-8"?>
<!-- Generated by org.testng.reporters.JUnitReportReporter -->
<testsuite hostname="LAPTOP-PKC73K4H" failures="0" tests="2" name="flm03marcch.TestNGAnnotations" time="73.400" errors="0" timestamp="2024-03-04T20:30:43 IST" skipped="0">
  <testcase classname="flm03marcch.TestNGAnnotations" name="loginToApp" time="11.206"/>
  <testcase classname="flm03marcch.TestNGAnnotations" name="BookHotelPage" time="62.194"/>
</testsuite> <!-- flm03marcch.TestNGAnnotations -->
