<?xml version="1.0" encoding="UTF-8"?>
<!-- Generated by org.testng.reporters.JUnitReportReporter -->
<testsuite hostname="LAPTOP-PKC73K4H" failures="0" tests="1" name="flm06march.MultipleWindowHandles" time="35.457" errors="0" timestamp="2024-03-07T12:56:55 IST" skipped="0">
  <testcase classname="flm06march.MultipleWindowHandles" name="windowHandle" time="35.457"/>
</testsuite> <!-- flm06march.MultipleWindowHandles -->
