<?xml version="1.0" encoding="UTF-8"?>
<!-- Generated by org.testng.reporters.JUnitReportReporter -->
<testsuite hostname="LAPTOP-PKC73K4H" failures="0" tests="1" name="flm14march.Checkboxes" time="11.929" errors="0" timestamp="2024-03-16T15:41:35 IST" skipped="0">
  <testcase classname="flm14march.Checkboxes" name="checkBoxes" time="11.929"/>
</testsuite> <!-- flm14march.Checkboxes -->
