<?xml version="1.0" encoding="UTF-8"?>
<!-- Generated by org.testng.reporters.JUnitReportReporter -->
<testsuite hostname="LAPTOP-PKC73K4H" failures="0" tests="1" name="flm04march.MousehoverActions" time="15.935" errors="0" timestamp="2024-03-04T23:31:13 IST" skipped="0">
  <testcase classname="flm04march.MousehoverActions" name="hoverActions" time="15.935"/>
</testsuite> <!-- flm04march.MousehoverActions -->
